[INFO] Scanning for projects...
[INFO] 
[INFO] --------------------< com.bookmyshow:user-service >---------------------
[INFO] Building user-service 1.0.0
[INFO]   from pom.xml
[INFO] --------------------------------[ jar ]---------------------------------
[INFO] 
[INFO] >>> spring-boot:3.2.0:run (default-cli) > test-compile @ user-service >>>
[INFO] 
[INFO] --- resources:3.3.1:resources (default-resources) @ user-service ---
[INFO] Copying 1 resource from src/main/resources to target/classes
[INFO] Copying 0 resource from src/main/resources to target/classes
[INFO] 
[INFO] --- compiler:3.11.0:compile (default-compile) @ user-service ---
[INFO] Nothing to compile - all classes are up to date
[INFO] 
[INFO] --- resources:3.3.1:testResources (default-testResources) @ user-service ---
[INFO] skip non existing resourceDirectory /Users/roshanshetty/Downloads/BMSHOW/user-service/src/test/resources
[INFO] 
[INFO] --- compiler:3.11.0:testCompile (default-testCompile) @ user-service ---
[INFO] No sources to compile
[INFO] 
[INFO] <<< spring-boot:3.2.0:run (default-cli) < test-compile @ user-service <<<
[INFO] 
[INFO] 
[INFO] --- spring-boot:3.2.0:run (default-cli) @ user-service ---
[INFO] Attaching agents: []

  .   ____          _            __ _ _
 /\\ / ___'_ __ _ _(_)_ __  __ _ \ \ \ \
( ( )\___ | '_ | '_| | '_ \/ _` | \ \ \ \
 \\/  ___)| |_)| | | | | || (_| |  ) ) ) )
  '  |____| .__|_| |_|_| |_\__, | / / / /
 =========|_|==============|___/=/_/_/_/
 :: Spring Boot ::                (v3.2.0)

2026-07-23T05:47:02.986+05:30  INFO 80326 --- [           main] c.b.user.UserServiceApplication          : Starting UserServiceApplication using Java 26.0.1 with PID 80326 (/Users/roshanshetty/Downloads/BMSHOW/user-service/target/classes started by roshanshetty in /Users/roshanshetty/Downloads/BMSHOW/user-service)
2026-07-23T05:47:02.987+05:30  INFO 80326 --- [           main] c.b.user.UserServiceApplication          : No active profile set, falling back to 1 default profile: "default"
2026-07-23T05:47:03.254+05:30  INFO 80326 --- [           main] .s.d.r.c.RepositoryConfigurationDelegate : Bootstrapping Spring Data JPA repositories in DEFAULT mode.
2026-07-23T05:47:03.322+05:30  INFO 80326 --- [           main] .s.d.r.c.RepositoryConfigurationDelegate : Finished Spring Data repository scanning in 65 ms. Found 1 JPA repository interface.
WARNING: A restricted method in java.lang.System has been called
WARNING: java.lang.System::load has been called by org.apache.tomcat.jni.Library in an unnamed module (file:/Users/roshanshetty/.m2/repository/org/apache/tomcat/embed/tomcat-embed-core/10.1.16/tomcat-embed-core-10.1.16.jar)
WARNING: Use --enable-native-access=ALL-UNNAMED to avoid a warning for callers in this module
WARNING: Restricted methods will be blocked in a future release unless native access is enabled

2026-07-23T05:47:03.544+05:30  INFO 80326 --- [           main] o.s.b.w.embedded.tomcat.TomcatWebServer  : Tomcat initialized with port 8097 (http)
2026-07-23T05:47:03.548+05:30  INFO 80326 --- [           main] o.apache.catalina.core.StandardService   : Starting service [Tomcat]
2026-07-23T05:47:03.548+05:30  INFO 80326 --- [           main] o.apache.catalina.core.StandardEngine    : Starting Servlet engine: [Apache Tomcat/10.1.16]
2026-07-23T05:47:03.575+05:30  INFO 80326 --- [           main] o.a.c.c.C.[Tomcat].[localhost].[/]       : Initializing Spring embedded WebApplicationContext
2026-07-23T05:47:03.575+05:30  INFO 80326 --- [           main] w.s.c.ServletWebServerApplicationContext : Root WebApplicationContext: initialization completed in 570 ms
2026-07-23T05:47:03.640+05:30  INFO 80326 --- [           main] o.hibernate.jpa.internal.util.LogHelper  : HHH000204: Processing PersistenceUnitInfo [name: default]
2026-07-23T05:47:03.658+05:30  INFO 80326 --- [           main] org.hibernate.Version                    : HHH000412: Hibernate ORM core version 6.3.1.Final
2026-07-23T05:47:03.669+05:30  INFO 80326 --- [           main] o.h.c.internal.RegionFactoryInitiator    : HHH000026: Second-level cache disabled
2026-07-23T05:47:03.755+05:30  INFO 80326 --- [           main] o.s.o.j.p.SpringPersistenceUnitInfo      : No LoadTimeWeaver setup: ignoring JPA class transformer
2026-07-23T05:47:03.767+05:30  INFO 80326 --- [           main] com.zaxxer.hikari.HikariDataSource       : HikariPool-1 - Starting...
2026-07-23T05:47:03.848+05:30  INFO 80326 --- [           main] com.zaxxer.hikari.pool.HikariPool        : HikariPool-1 - Added connection com.mysql.cj.jdbc.ConnectionImpl@668a32a4
2026-07-23T05:47:03.849+05:30  INFO 80326 --- [           main] com.zaxxer.hikari.HikariDataSource       : HikariPool-1 - Start completed.
2026-07-23T05:47:04.250+05:30  INFO 80326 --- [           main] o.h.e.t.j.p.i.JtaPlatformInitiator       : HHH000489: No JTA platform available (set 'hibernate.transaction.jta.platform' to enable JTA platform integration)
2026-07-23T05:47:04.323+05:30  INFO 80326 --- [           main] j.LocalContainerEntityManagerFactoryBean : Initialized JPA EntityManagerFactory for persistence unit 'default'
2026-07-23T05:47:04.540+05:30  WARN 80326 --- [           main] JpaBaseConfiguration$JpaWebConfiguration : spring.jpa.open-in-view is enabled by default. Therefore, database queries may be performed during view rendering. Explicitly configure spring.jpa.open-in-view to disable this warning
2026-07-23T05:47:04.557+05:30  WARN 80326 --- [           main] .s.s.UserDetailsServiceAutoConfiguration : 

Using generated security password: 06d52331-a800-4cea-84cf-a8a81a87944c

This generated password is for development use only. Your security configuration must be updated before running your application in production.

2026-07-23T05:47:04.675+05:30  INFO 80326 --- [           main] o.s.s.web.DefaultSecurityFilterChain     : Will secure any request with [org.springframework.security.web.session.DisableEncodeUrlFilter@148f94dc, org.springframework.security.web.context.request.async.WebAsyncManagerIntegrationFilter@2f11d889, org.springframework.security.web.context.SecurityContextHolderFilter@444ebefd, org.springframework.security.web.header.HeaderWriterFilter@156f0281, org.springframework.web.filter.CorsFilter@d1973e8, org.springframework.security.web.authentication.logout.LogoutFilter@2cf669f2, org.springframework.security.web.savedrequest.RequestCacheAwareFilter@5f1c406e, org.springframework.security.web.servletapi.SecurityContextHolderAwareRequestFilter@5364b481, org.springframework.security.web.authentication.AnonymousAuthenticationFilter@5ca10d0e, org.springframework.security.web.session.SessionManagementFilter@2559f65c, org.springframework.security.web.access.ExceptionTranslationFilter@121f9c52, org.springframework.security.web.access.intercept.AuthorizationFilter@5bbc033f]
WARNING: A terminally deprecated method in sun.misc.Unsafe has been called
WARNING: sun.misc.Unsafe::objectFieldOffset has been called by io.netty.util.internal.PlatformDependent0$4 (file:/Users/roshanshetty/.m2/repository/io/netty/netty-common/4.1.101.Final/netty-common-4.1.101.Final.jar)
WARNING: Please consider reporting this to the maintainers of class io.netty.util.internal.PlatformDependent0$4
WARNING: sun.misc.Unsafe::objectFieldOffset will be removed in a future release
2026-07-23T05:47:04.825+05:30  WARN 80326 --- [           main] ConfigServletWebServerApplicationContext : Exception encountered during context initialization - cancelling refresh attempt: org.springframework.context.ApplicationContextException: Failed to start bean 'webServerStartStop'
2026-07-23T05:47:04.826+05:30  INFO 80326 --- [           main] j.LocalContainerEntityManagerFactoryBean : Closing JPA EntityManagerFactory for persistence unit 'default'
2026-07-23T05:47:04.827+05:30  INFO 80326 --- [           main] com.zaxxer.hikari.HikariDataSource       : HikariPool-1 - Shutdown initiated...
2026-07-23T05:47:04.831+05:30  INFO 80326 --- [           main] com.zaxxer.hikari.HikariDataSource       : HikariPool-1 - Shutdown completed.
2026-07-23T05:47:04.839+05:30  INFO 80326 --- [           main] .s.b.a.l.ConditionEvaluationReportLogger : 

Error starting ApplicationContext. To display the condition evaluation report re-run your application with 'debug' enabled.
2026-07-23T05:47:04.846+05:30 ERROR 80326 --- [           main] o.s.b.d.LoggingFailureAnalysisReporter   : 

***************************
APPLICATION FAILED TO START
***************************

Description:

Web server failed to start. Port 8097 was already in use.

Action:

Identify and stop the process that's listening on port 8097 or configure this application to listen on another port.

[INFO] ------------------------------------------------------------------------
[INFO] BUILD FAILURE
[INFO] ------------------------------------------------------------------------
[INFO] Total time:  2.944 s
[INFO] Finished at: 2026-07-23T05:47:04+05:30
[INFO] ------------------------------------------------------------------------
[ERROR] Failed to execute goal org.springframework.boot:spring-boot-maven-plugin:3.2.0:run (default-cli) on project user-service: Process terminated with exit code: 1 -> [Help 1]
[ERROR] 
[ERROR] To see t2026-07-23T06:17:17.816+05:30  INFO 77090 --- [nio-8097-exec-1] o.a.c.c.C.[Tomcat].[localhost].[/]       : Initializing Spring DispatcherServlet 'dispatcherServlet'
2026-07-23T06:17:17.821+05:30  INFO 77090 --- [nio-8097-exec-1] o.s.web.servlet.DispatcherServlet        : Initializing Servlet 'dispatcherServlet'
2026-07-23T06:17:17.879+05:30  INFO 77090 --- [nio-8097-exec-1] o.s.web.servlet.DispatcherServlet        : Completed initialization in 56 ms
2026-07-23T06:17:17.939+05:30  WARN 77090 --- [nio-8097-exec-1] o.s.w.s.h.HandlerMappingIntrospector     : Cache miss for REQUEST dispatch to '/auth/register' (previous null). Performing MatchableHandlerMapping lookup. This is logged once only at WARN level, and every time at TRACE.
Hibernate: select u1_0.id,u1_0.created_at,u1_0.email,u1_0.mobile,u1_0.name,u1_0.password from users u1_0 where u1_0.email=?
Hibernate: insert into users (created_at,email,mobile,name,password) values (?,?,?,?,?)
Hibernate: select u1_0.id,u1_0.created_at,u1_0.email,u1_0.mobile,u1_0.name,u1_0.password from users u1_0 where u1_0.email=?
2026-07-23T07:03:05.439+05:30  INFO 77090 --- [ionShutdownHook] j.LocalContainerEntityManagerFactoryBean : Closing JPA EntityManagerFactory for persistence unit 'default'
2026-07-23T07:03:05.500+05:30  INFO 77090 --- [ionShutdownHook] com.zaxxer.hikari.HikariDataSource       : HikariPool-1 - Shutdown initiated...
2026-07-23T07:03:05.540+05:30  INFO 77090 --- [ionShutdownHook] com.zaxxer.hikari.HikariDataSource       : HikariPool-1 - Shutdown completed.
